[0.005s] Invoking command in '/home/tiger/æ¡Œé¢/turtle_chase_package/build/turtle_chase_package': CMAKE_PREFIX_PATH=/opt/ros/humble /usr/bin/cmake --build /home/tiger/æ¡Œé¢/turtle_chase_package/build/turtle_chase_package -- -j1 -l1
[0.130s] -- Found ament_cmake: 1.3.10 (/opt/ros/humble/share/ament_cmake/cmake)
[0.423s] -- Found rclcpp: 16.0.10 (/opt/ros/humble/share/rclcpp/cmake)
[0.475s] -- Found rosidl_generator_c: 3.1.5 (/opt/ros/humble/share/rosidl_generator_c/cmake)
[0.483s] -- Found rosidl_adapter: 3.1.5 (/opt/ros/humble/share/rosidl_adapter/cmake)
[0.501s] -- Found rosidl_generator_cpp: 3.1.5 (/opt/ros/humble/share/rosidl_generator_cpp/cmake)
[0.521s] -- Using all available rosidl_typesupport_c: rosidl_typesupport_fastrtps_c;rosidl_typesupport_introspection_c
[0.539s] -- Using all available rosidl_typesupport_cpp: rosidl_typesupport_fastrtps_cpp;rosidl_typesupport_introspection_cpp
[0.579s] -- Found rmw_implementation_cmake: 6.1.2 (/opt/ros/humble/share/rmw_implementation_cmake/cmake)
[0.582s] -- Found rmw_fastrtps_cpp: 6.2.7 (/opt/ros/humble/share/rmw_fastrtps_cpp/cmake)
[0.727s] -- Using RMW implementation 'rmw_fastrtps_cpp' as default
[0.797s] -- Found geometry_msgs: 4.2.4 (/opt/ros/humble/share/geometry_msgs/cmake)
[0.814s] -- Found turtlesim: 1.4.2 (/opt/ros/humble/share/turtlesim/cmake)
[0.870s] [31mCMake Error at /opt/ros/humble/share/ament_cmake_target_dependencies/cmake/ament_target_dependencies.cmake:42 (message):
[0.870s]   ament_target_dependencies() the first argument must be a valid target name
[0.870s] Call Stack (most recent call first):
[0.870s]   CMakeLists.txt:18 (ament_target_dependencies)
[0.870s] 
[0.870s] [0m
[0.870s] -- Configuring incomplete, errors occurred!
[0.871s] See also "/home/tiger/æ¡Œé¢/turtle_chase_package/build/turtle_chase_package/CMakeFiles/CMakeOutput.log".
[0.883s] gmake: *** [Makefile:267ï¼šcmake_check_build_system] é”™è¯¯ 1
[0.889s] Invoked command in '/home/tiger/æ¡Œé¢/turtle_chase_package/build/turtle_chase_package' returned '2': CMAKE_PREFIX_PATH=/opt/ros/humble /usr/bin/cmake --build /home/tiger/æ¡Œé¢/turtle_chase_package/build/turtle_chase_package -- -j1 -l1
