[0.151s] DEBUG:colcon:Command line arguments: ['/usr/bin/colcon', 'build']
[0.151s] DEBUG:colcon:Parsed command line arguments: Namespace(log_base=None, log_level=None, verb_name='build', build_base='build', install_base='install', merge_install=False, symlink_install=False, test_result_base=None, continue_on_error=False, executor='parallel', parallel_workers=1, event_handlers=None, ignore_user_meta=False, metas=['./colcon.meta'], base_paths=['.'], packages_ignore=None, packages_ignore_regex=None, paths=None, packages_up_to=None, packages_up_to_regex=None, packages_above=None, packages_above_and_dependencies=None, packages_above_depth=None, packages_select_by_dep=None, packages_skip_by_dep=None, packages_skip_up_to=None, packages_select_build_failed=False, packages_skip_build_finished=False, packages_select_test_failures=False, packages_skip_test_passed=False, packages_select=None, packages_skip=None, packages_select_regex=None, packages_skip_regex=None, packages_start=None, packages_end=None, allow_overriding=[], cmake_args=None, cmake_target=None, cmake_target_skip_unavailable=False, cmake_clean_cache=False, cmake_clean_first=False, cmake_force_configure=False, ament_cmake_args=None, catkin_cmake_args=None, catkin_skip_building_tests=False, verb_parser=<colcon_defaults.argument_parser.defaults.DefaultArgumentsDecorator object at 0x7d74c46500d0>, verb_extension=<colcon_core.verb.build.BuildVerb object at 0x7d74c47b8640>, main=<bound method BuildVerb.main of <colcon_core.verb.build.BuildVerb object at 0x7d74c47b8640>>)
[0.516s] Level 1:colcon.colcon_core.package_discovery:discover_packages(colcon_meta) check parameters
[0.517s] Level 1:colcon.colcon_core.package_discovery:discover_packages(recursive) check parameters
[0.517s] Level 1:colcon.colcon_core.package_discovery:discover_packages(ignore) check parameters
[0.517s] Level 1:colcon.colcon_core.package_discovery:discover_packages(path) check parameters
[0.517s] Level 1:colcon.colcon_core.package_discovery:discover_packages(colcon_meta) discover
[0.517s] Level 1:colcon.colcon_core.package_discovery:discover_packages(recursive) discover
[0.517s] INFO:colcon.colcon_core.package_discovery:Crawling recursively for packages in '/home/tiger/桌面/turtle_chase_package'
[0.517s] Level 1:colcon.colcon_core.package_identification:_identify(.) by extensions ['ignore', 'ignore_ament_install']
[0.517s] Level 1:colcon.colcon_core.package_identification:_identify(.) by extension 'ignore'
[0.517s] Level 1:colcon.colcon_core.package_identification:_identify(.) by extension 'ignore_ament_install'
[0.517s] Level 1:colcon.colcon_core.package_identification:_identify(.) by extensions ['colcon_pkg']
[0.517s] Level 1:colcon.colcon_core.package_identification:_identify(.) by extension 'colcon_pkg'
[0.517s] Level 1:colcon.colcon_core.package_identification:_identify(.) by extensions ['colcon_meta']
[0.517s] Level 1:colcon.colcon_core.package_identification:_identify(.) by extension 'colcon_meta'
[0.517s] Level 1:colcon.colcon_core.package_identification:_identify(.) by extensions ['ros']
[0.517s] Level 1:colcon.colcon_core.package_identification:_identify(.) by extension 'ros'
[0.573s] DEBUG:colcon.colcon_core.package_identification:Package '.' with type 'ros.ament_cmake' and name 'turtle_chase_package'
[0.581s] Level 1:colcon.colcon_core.package_discovery:discover_packages(recursive) using defaults
[0.581s] Level 1:colcon.colcon_core.package_discovery:discover_packages(ignore) discover
[0.581s] Level 1:colcon.colcon_core.package_discovery:discover_packages(ignore) using defaults
[0.581s] Level 1:colcon.colcon_core.package_discovery:discover_packages(path) discover
[0.581s] Level 1:colcon.colcon_core.package_discovery:discover_packages(path) using defaults
[0.616s] Level 1:colcon.colcon_core.package_discovery:discover_packages(prefix_path) check parameters
[0.635s] Level 1:colcon.colcon_core.package_discovery:discover_packages(prefix_path) discover
[0.638s] DEBUG:colcon.colcon_installed_package_information.package_discovery:Found 294 installed packages in /opt/ros/humble
[0.640s] Level 1:colcon.colcon_core.package_discovery:discover_packages(prefix_path) using defaults
[0.827s] Level 5:colcon.colcon_core.verb:set package 'turtle_chase_package' build argument 'cmake_args' from command line to 'None'
[0.861s] Level 5:colcon.colcon_core.verb:set package 'turtle_chase_package' build argument 'cmake_target' from command line to 'None'
[0.861s] Level 5:colcon.colcon_core.verb:set package 'turtle_chase_package' build argument 'cmake_target_skip_unavailable' from command line to 'False'
[0.861s] Level 5:colcon.colcon_core.verb:set package 'turtle_chase_package' build argument 'cmake_clean_cache' from command line to 'False'
[0.861s] Level 5:colcon.colcon_core.verb:set package 'turtle_chase_package' build argument 'cmake_clean_first' from command line to 'False'
[0.861s] Level 5:colcon.colcon_core.verb:set package 'turtle_chase_package' build argument 'cmake_force_configure' from command line to 'False'
[0.861s] Level 5:colcon.colcon_core.verb:set package 'turtle_chase_package' build argument 'ament_cmake_args' from command line to 'None'
[0.861s] Level 5:colcon.colcon_core.verb:set package 'turtle_chase_package' build argument 'catkin_cmake_args' from command line to 'None'
[0.861s] Level 5:colcon.colcon_core.verb:set package 'turtle_chase_package' build argument 'catkin_skip_building_tests' from command line to 'False'
[0.861s] DEBUG:colcon.colcon_core.verb:Building package 'turtle_chase_package' with the following arguments: {'ament_cmake_args': None, 'build_base': '/home/tiger/桌面/turtle_chase_package/build/turtle_chase_package', 'catkin_cmake_args': None, 'catkin_skip_building_tests': False, 'cmake_args': None, 'cmake_clean_cache': False, 'cmake_clean_first': False, 'cmake_force_configure': False, 'cmake_target': None, 'cmake_target_skip_unavailable': False, 'install_base': '/home/tiger/桌面/turtle_chase_package/install/turtle_chase_package', 'merge_install': False, 'path': '/home/tiger/桌面/turtle_chase_package', 'symlink_install': False, 'test_result_base': None}
[0.861s] INFO:colcon.colcon_core.executor:Executing jobs using 'parallel' executor
[0.863s] DEBUG:colcon.colcon_parallel_executor.executor.parallel:run_until_complete
[0.864s] INFO:colcon.colcon_ros.task.ament_cmake.build:Building ROS package in '/home/tiger/桌面/turtle_chase_package' with build type 'ament_cmake'
[0.864s] INFO:colcon.colcon_cmake.task.cmake.build:Building CMake package in '/home/tiger/桌面/turtle_chase_package'
[0.865s] INFO:colcon.colcon_core.plugin_system:Skipping extension 'colcon_core.shell.bat': Not used on non-Windows systems
[0.866s] INFO:colcon.colcon_core.shell:Skip shell extension 'powershell' for command environment: Not usable outside of PowerShell
[0.866s] DEBUG:colcon.colcon_core.shell:Skip shell extension 'dsv' for command environment
[0.915s] DEBUG:colcon.colcon_core.event_handler.log_command:Invoking command in '/home/tiger/桌面/turtle_chase_package/build/turtle_chase_package': CMAKE_PREFIX_PATH=/opt/ros/humble /usr/bin/cmake --build /home/tiger/桌面/turtle_chase_package/build/turtle_chase_package -- -j1 -l1
[26.086s] DEBUG:colcon.colcon_core.event_handler.log_command:Invoked command in '/home/tiger/桌面/turtle_chase_package/build/turtle_chase_package' returned '0': CMAKE_PREFIX_PATH=/opt/ros/humble /usr/bin/cmake --build /home/tiger/桌面/turtle_chase_package/build/turtle_chase_package -- -j1 -l1
[26.178s] DEBUG:colcon.colcon_core.event_handler.log_command:Invoking command in '/home/tiger/桌面/turtle_chase_package/build/turtle_chase_package': CMAKE_PREFIX_PATH=/opt/ros/humble /usr/bin/cmake --install /home/tiger/桌面/turtle_chase_package/build/turtle_chase_package
[26.256s] Level 1:colcon.colcon_core.environment:create_environment_scripts_only(turtle_chase_package)
[26.260s] Level 1:colcon.colcon_core.environment:checking '/home/tiger/桌面/turtle_chase_package/install/turtle_chase_package' for CMake module files
[26.261s] Level 1:colcon.colcon_core.environment:checking '/home/tiger/桌面/turtle_chase_package/install/turtle_chase_package' for CMake config files
[26.261s] Level 1:colcon.colcon_core.shell:create_environment_hook('turtle_chase_package', 'cmake_prefix_path')
[26.265s] INFO:colcon.colcon_core.shell:Creating environment hook '/home/tiger/桌面/turtle_chase_package/install/turtle_chase_package/share/turtle_chase_package/hook/cmake_prefix_path.ps1'
[26.265s] DEBUG:colcon.colcon_core.event_handler.log_command:Invoked command in '/home/tiger/桌面/turtle_chase_package/build/turtle_chase_package' returned '0': CMAKE_PREFIX_PATH=/opt/ros/humble /usr/bin/cmake --install /home/tiger/桌面/turtle_chase_package/build/turtle_chase_package
[26.271s] INFO:colcon.colcon_core.shell:Creating environment descriptor '/home/tiger/桌面/turtle_chase_package/install/turtle_chase_package/share/turtle_chase_package/hook/cmake_prefix_path.dsv'
[26.277s] INFO:colcon.colcon_core.shell:Creating environment hook '/home/tiger/桌面/turtle_chase_package/install/turtle_chase_package/share/turtle_chase_package/hook/cmake_prefix_path.sh'
[26.282s] Level 1:colcon.colcon_core.environment:checking '/home/tiger/桌面/turtle_chase_package/install/turtle_chase_package/lib'
[26.288s] Level 1:colcon.colcon_core.environment:checking '/home/tiger/桌面/turtle_chase_package/install/turtle_chase_package/bin'
[26.289s] Level 1:colcon.colcon_core.environment:checking '/home/tiger/桌面/turtle_chase_package/install/turtle_chase_package/lib/pkgconfig/turtle_chase_package.pc'
[26.290s] Level 1:colcon.colcon_core.environment:checking '/home/tiger/桌面/turtle_chase_package/install/turtle_chase_package/lib/python3.10/site-packages'
[26.290s] Level 1:colcon.colcon_core.environment:checking '/home/tiger/桌面/turtle_chase_package/install/turtle_chase_package/bin'
[26.291s] INFO:colcon.colcon_core.shell:Creating package script '/home/tiger/桌面/turtle_chase_package/install/turtle_chase_package/share/turtle_chase_package/package.ps1'
[26.292s] INFO:colcon.colcon_core.shell:Creating package descriptor '/home/tiger/桌面/turtle_chase_package/install/turtle_chase_package/share/turtle_chase_package/package.dsv'
[26.293s] INFO:colcon.colcon_core.shell:Creating package script '/home/tiger/桌面/turtle_chase_package/install/turtle_chase_package/share/turtle_chase_package/package.sh'
[26.311s] INFO:colcon.colcon_core.shell:Creating package script '/home/tiger/桌面/turtle_chase_package/install/turtle_chase_package/share/turtle_chase_package/package.bash'
[26.312s] INFO:colcon.colcon_core.shell:Creating package script '/home/tiger/桌面/turtle_chase_package/install/turtle_chase_package/share/turtle_chase_package/package.zsh'
[26.313s] Level 1:colcon.colcon_core.environment:create_file_with_runtime_dependencies(/home/tiger/桌面/turtle_chase_package/install/turtle_chase_package/share/colcon-core/packages/turtle_chase_package)
[26.409s] Level 1:colcon.colcon_core.environment:create_environment_scripts_only(turtle_chase_package)
[26.412s] Level 1:colcon.colcon_core.environment:checking '/home/tiger/桌面/turtle_chase_package/install/turtle_chase_package' for CMake module files
[26.413s] Level 1:colcon.colcon_core.environment:checking '/home/tiger/桌面/turtle_chase_package/install/turtle_chase_package' for CMake config files
[26.413s] Level 1:colcon.colcon_core.shell:create_environment_hook('turtle_chase_package', 'cmake_prefix_path')
[26.413s] INFO:colcon.colcon_core.shell:Creating environment hook '/home/tiger/桌面/turtle_chase_package/install/turtle_chase_package/share/turtle_chase_package/hook/cmake_prefix_path.ps1'
[26.415s] INFO:colcon.colcon_core.shell:Creating environment descriptor '/home/tiger/桌面/turtle_chase_package/install/turtle_chase_package/share/turtle_chase_package/hook/cmake_prefix_path.dsv'
[26.441s] INFO:colcon.colcon_core.shell:Creating environment hook '/home/tiger/桌面/turtle_chase_package/install/turtle_chase_package/share/turtle_chase_package/hook/cmake_prefix_path.sh'
[26.449s] Level 1:colcon.colcon_core.environment:checking '/home/tiger/桌面/turtle_chase_package/install/turtle_chase_package/lib'
[26.449s] Level 1:colcon.colcon_core.environment:checking '/home/tiger/桌面/turtle_chase_package/install/turtle_chase_package/bin'
[26.449s] Level 1:colcon.colcon_core.environment:checking '/home/tiger/桌面/turtle_chase_package/install/turtle_chase_package/lib/pkgconfig/turtle_chase_package.pc'
[26.449s] Level 1:colcon.colcon_core.environment:checking '/home/tiger/桌面/turtle_chase_package/install/turtle_chase_package/lib/python3.10/site-packages'
[26.449s] Level 1:colcon.colcon_core.environment:checking '/home/tiger/桌面/turtle_chase_package/install/turtle_chase_package/bin'
[26.450s] INFO:colcon.colcon_core.shell:Creating package script '/home/tiger/桌面/turtle_chase_package/install/turtle_chase_package/share/turtle_chase_package/package.ps1'
[26.451s] INFO:colcon.colcon_core.shell:Creating package descriptor '/home/tiger/桌面/turtle_chase_package/install/turtle_chase_package/share/turtle_chase_package/package.dsv'
[26.452s] INFO:colcon.colcon_core.shell:Creating package script '/home/tiger/桌面/turtle_chase_package/install/turtle_chase_package/share/turtle_chase_package/package.sh'
[26.458s] INFO:colcon.colcon_core.shell:Creating package script '/home/tiger/桌面/turtle_chase_package/install/turtle_chase_package/share/turtle_chase_package/package.bash'
[26.460s] INFO:colcon.colcon_core.shell:Creating package script '/home/tiger/桌面/turtle_chase_package/install/turtle_chase_package/share/turtle_chase_package/package.zsh'
[26.465s] Level 1:colcon.colcon_core.environment:create_file_with_runtime_dependencies(/home/tiger/桌面/turtle_chase_package/install/turtle_chase_package/share/colcon-core/packages/turtle_chase_package)
[26.475s] DEBUG:colcon.colcon_parallel_executor.executor.parallel:closing loop
[26.479s] DEBUG:colcon.colcon_parallel_executor.executor.parallel:loop closed
[26.479s] DEBUG:colcon.colcon_parallel_executor.executor.parallel:run_until_complete finished with '0'
[26.482s] DEBUG:colcon.colcon_core.event_reactor:joining thread
[26.489s] INFO:colcon.colcon_core.plugin_system:Skipping extension 'colcon_notification.desktop_notification.terminal_notifier': Not used on non-Darwin systems
[26.489s] INFO:colcon.colcon_core.plugin_system:Skipping extension 'colcon_notification.desktop_notification.win32': Not used on non-Windows systems
[26.490s] INFO:colcon.colcon_notification.desktop_notification:Sending desktop notification using 'notify2'
[26.548s] DEBUG:colcon.colcon_core.event_reactor:joined thread
[26.549s] INFO:colcon.colcon_core.shell:Creating prefix script '/home/tiger/桌面/turtle_chase_package/install/local_setup.ps1'
[26.553s] INFO:colcon.colcon_core.shell:Creating prefix util module '/home/tiger/桌面/turtle_chase_package/install/_local_setup_util_ps1.py'
[26.555s] INFO:colcon.colcon_core.shell:Creating prefix chain script '/home/tiger/桌面/turtle_chase_package/install/setup.ps1'
[26.557s] INFO:colcon.colcon_core.shell:Creating prefix script '/home/tiger/桌面/turtle_chase_package/install/local_setup.sh'
[26.558s] INFO:colcon.colcon_core.shell:Creating prefix util module '/home/tiger/桌面/turtle_chase_package/install/_local_setup_util_sh.py'
[26.575s] INFO:colcon.colcon_core.shell:Creating prefix chain script '/home/tiger/桌面/turtle_chase_package/install/setup.sh'
[26.578s] INFO:colcon.colcon_core.shell:Creating prefix script '/home/tiger/桌面/turtle_chase_package/install/local_setup.bash'
[26.578s] INFO:colcon.colcon_core.shell:Creating prefix chain script '/home/tiger/桌面/turtle_chase_package/install/setup.bash'
[26.580s] INFO:colcon.colcon_core.shell:Creating prefix script '/home/tiger/桌面/turtle_chase_package/install/local_setup.zsh'
[26.581s] INFO:colcon.colcon_core.shell:Creating prefix chain script '/home/tiger/桌面/turtle_chase_package/install/setup.zsh'
