[0.124s] DEBUG:colcon:Command line arguments: ['/usr/bin/colcon', 'build']
[0.124s] DEBUG:colcon:Parsed command line arguments: Namespace(log_base=None, log_level=None, verb_name='build', build_base='build', install_base='install', merge_install=False, symlink_install=False, test_result_base=None, continue_on_error=False, executor='parallel', parallel_workers=1, event_handlers=None, ignore_user_meta=False, metas=['./colcon.meta'], base_paths=['.'], packages_ignore=None, packages_ignore_regex=None, paths=None, packages_up_to=None, packages_up_to_regex=None, packages_above=None, packages_above_and_dependencies=None, packages_above_depth=None, packages_select_by_dep=None, packages_skip_by_dep=None, packages_skip_up_to=None, packages_select_build_failed=False, packages_skip_build_finished=False, packages_select_test_failures=False, packages_skip_test_passed=False, packages_select=None, packages_skip=None, packages_select_regex=None, packages_skip_regex=None, packages_start=None, packages_end=None, allow_overriding=[], cmake_args=None, cmake_target=None, cmake_target_skip_unavailable=False, cmake_clean_cache=False, cmake_clean_first=False, cmake_force_configure=False, ament_cmake_args=None, catkin_cmake_args=None, catkin_skip_building_tests=False, verb_parser=<colcon_defaults.argument_parser.defaults.DefaultArgumentsDecorator object at 0x758ba45580d0>, verb_extension=<colcon_core.verb.build.BuildVerb object at 0x758ba46bc640>, main=<bound method BuildVerb.main of <colcon_core.verb.build.BuildVerb object at 0x758ba46bc640>>)
[0.266s] Level 1:colcon.colcon_core.package_discovery:discover_packages(colcon_meta) check parameters
[0.266s] Level 1:colcon.colcon_core.package_discovery:discover_packages(recursive) check parameters
[0.266s] Level 1:colcon.colcon_core.package_discovery:discover_packages(ignore) check parameters
[0.266s] Level 1:colcon.colcon_core.package_discovery:discover_packages(path) check parameters
[0.266s] Level 1:colcon.colcon_core.package_discovery:discover_packages(colcon_meta) discover
[0.266s] Level 1:colcon.colcon_core.package_discovery:discover_packages(recursive) discover
[0.266s] INFO:colcon.colcon_core.package_discovery:Crawling recursively for packages in '/home/tiger/桌面/turtle_chase_package'
[0.266s] Level 1:colcon.colcon_core.package_identification:_identify(.) by extensions ['ignore', 'ignore_ament_install']
[0.266s] Level 1:colcon.colcon_core.package_identification:_identify(.) by extension 'ignore'
[0.267s] Level 1:colcon.colcon_core.package_identification:_identify(.) by extension 'ignore_ament_install'
[0.267s] Level 1:colcon.colcon_core.package_identification:_identify(.) by extensions ['colcon_pkg']
[0.267s] Level 1:colcon.colcon_core.package_identification:_identify(.) by extension 'colcon_pkg'
[0.267s] Level 1:colcon.colcon_core.package_identification:_identify(.) by extensions ['colcon_meta']
[0.267s] Level 1:colcon.colcon_core.package_identification:_identify(.) by extension 'colcon_meta'
[0.267s] Level 1:colcon.colcon_core.package_identification:_identify(.) by extensions ['ros']
[0.267s] Level 1:colcon.colcon_core.package_identification:_identify(.) by extension 'ros'
[0.281s] DEBUG:colcon.colcon_core.package_identification:Package '.' with type 'ros.ament_cmake' and name 'turtle_chase_package'
[0.281s] Level 1:colcon.colcon_core.package_discovery:discover_packages(recursive) using defaults
[0.282s] Level 1:colcon.colcon_core.package_discovery:discover_packages(ignore) discover
[0.282s] Level 1:colcon.colcon_core.package_discovery:discover_packages(ignore) using defaults
[0.282s] Level 1:colcon.colcon_core.package_discovery:discover_packages(path) discover
[0.282s] Level 1:colcon.colcon_core.package_discovery:discover_packages(path) using defaults
[0.299s] Level 1:colcon.colcon_core.package_discovery:discover_packages(prefix_path) check parameters
[0.299s] Level 1:colcon.colcon_core.package_discovery:discover_packages(prefix_path) discover
[0.300s] DEBUG:colcon.colcon_installed_package_information.package_discovery:Found 294 installed packages in /opt/ros/humble
[0.301s] Level 1:colcon.colcon_core.package_discovery:discover_packages(prefix_path) using defaults
[0.341s] Level 5:colcon.colcon_core.verb:set package 'turtle_chase_package' build argument 'cmake_args' from command line to 'None'
[0.343s] Level 5:colcon.colcon_core.verb:set package 'turtle_chase_package' build argument 'cmake_target' from command line to 'None'
[0.343s] Level 5:colcon.colcon_core.verb:set package 'turtle_chase_package' build argument 'cmake_target_skip_unavailable' from command line to 'False'
[0.343s] Level 5:colcon.colcon_core.verb:set package 'turtle_chase_package' build argument 'cmake_clean_cache' from command line to 'False'
[0.343s] Level 5:colcon.colcon_core.verb:set package 'turtle_chase_package' build argument 'cmake_clean_first' from command line to 'False'
[0.343s] Level 5:colcon.colcon_core.verb:set package 'turtle_chase_package' build argument 'cmake_force_configure' from command line to 'False'
[0.343s] Level 5:colcon.colcon_core.verb:set package 'turtle_chase_package' build argument 'ament_cmake_args' from command line to 'None'
[0.343s] Level 5:colcon.colcon_core.verb:set package 'turtle_chase_package' build argument 'catkin_cmake_args' from command line to 'None'
[0.343s] Level 5:colcon.colcon_core.verb:set package 'turtle_chase_package' build argument 'catkin_skip_building_tests' from command line to 'False'
[0.343s] DEBUG:colcon.colcon_core.verb:Building package 'turtle_chase_package' with the following arguments: {'ament_cmake_args': None, 'build_base': '/home/tiger/桌面/turtle_chase_package/build/turtle_chase_package', 'catkin_cmake_args': None, 'catkin_skip_building_tests': False, 'cmake_args': None, 'cmake_clean_cache': False, 'cmake_clean_first': False, 'cmake_force_configure': False, 'cmake_target': None, 'cmake_target_skip_unavailable': False, 'install_base': '/home/tiger/桌面/turtle_chase_package/install/turtle_chase_package', 'merge_install': False, 'path': '/home/tiger/桌面/turtle_chase_package', 'symlink_install': False, 'test_result_base': None}
[0.343s] INFO:colcon.colcon_core.executor:Executing jobs using 'parallel' executor
[0.344s] DEBUG:colcon.colcon_parallel_executor.executor.parallel:run_until_complete
[0.344s] INFO:colcon.colcon_ros.task.ament_cmake.build:Building ROS package in '/home/tiger/桌面/turtle_chase_package' with build type 'ament_cmake'
[0.344s] INFO:colcon.colcon_cmake.task.cmake.build:Building CMake package in '/home/tiger/桌面/turtle_chase_package'
[0.345s] INFO:colcon.colcon_core.plugin_system:Skipping extension 'colcon_core.shell.bat': Not used on non-Windows systems
[0.345s] INFO:colcon.colcon_core.shell:Skip shell extension 'powershell' for command environment: Not usable outside of PowerShell
[0.345s] DEBUG:colcon.colcon_core.shell:Skip shell extension 'dsv' for command environment
[0.369s] DEBUG:colcon.colcon_core.event_handler.log_command:Invoking command in '/home/tiger/桌面/turtle_chase_package/build/turtle_chase_package': CMAKE_PREFIX_PATH=/opt/ros/humble /usr/bin/cmake --build /home/tiger/桌面/turtle_chase_package/build/turtle_chase_package -- -j1 -l1
[18.772s] DEBUG:colcon.colcon_core.event_handler.log_command:Invoked command in '/home/tiger/桌面/turtle_chase_package/build/turtle_chase_package' returned '0': CMAKE_PREFIX_PATH=/opt/ros/humble /usr/bin/cmake --build /home/tiger/桌面/turtle_chase_package/build/turtle_chase_package -- -j1 -l1
[18.888s] DEBUG:colcon.colcon_core.event_handler.log_command:Invoking command in '/home/tiger/桌面/turtle_chase_package/build/turtle_chase_package': CMAKE_PREFIX_PATH=/opt/ros/humble /usr/bin/cmake --install /home/tiger/桌面/turtle_chase_package/build/turtle_chase_package
[18.927s] Level 1:colcon.colcon_core.environment:create_environment_scripts_only(turtle_chase_package)
[18.930s] Level 1:colcon.colcon_core.environment:checking '/home/tiger/桌面/turtle_chase_package/install/turtle_chase_package' for CMake module files
[18.930s] Level 1:colcon.colcon_core.environment:checking '/home/tiger/桌面/turtle_chase_package/install/turtle_chase_package' for CMake config files
[18.930s] Level 1:colcon.colcon_core.shell:create_environment_hook('turtle_chase_package', 'cmake_prefix_path')
[18.931s] INFO:colcon.colcon_core.shell:Creating environment hook '/home/tiger/桌面/turtle_chase_package/install/turtle_chase_package/share/turtle_chase_package/hook/cmake_prefix_path.ps1'
[18.945s] DEBUG:colcon.colcon_core.event_handler.log_command:Invoked command in '/home/tiger/桌面/turtle_chase_package/build/turtle_chase_package' returned '0': CMAKE_PREFIX_PATH=/opt/ros/humble /usr/bin/cmake --install /home/tiger/桌面/turtle_chase_package/build/turtle_chase_package
[18.946s] INFO:colcon.colcon_core.shell:Creating environment descriptor '/home/tiger/桌面/turtle_chase_package/install/turtle_chase_package/share/turtle_chase_package/hook/cmake_prefix_path.dsv'
[18.946s] INFO:colcon.colcon_core.shell:Creating environment hook '/home/tiger/桌面/turtle_chase_package/install/turtle_chase_package/share/turtle_chase_package/hook/cmake_prefix_path.sh'
[18.948s] Level 1:colcon.colcon_core.environment:checking '/home/tiger/桌面/turtle_chase_package/install/turtle_chase_package/lib'
[18.948s] Level 1:colcon.colcon_core.environment:checking '/home/tiger/桌面/turtle_chase_package/install/turtle_chase_package/bin'
[18.948s] Level 1:colcon.colcon_core.environment:checking '/home/tiger/桌面/turtle_chase_package/install/turtle_chase_package/lib/pkgconfig/turtle_chase_package.pc'
[18.949s] Level 1:colcon.colcon_core.environment:checking '/home/tiger/桌面/turtle_chase_package/install/turtle_chase_package/lib/python3.10/site-packages'
[18.949s] Level 1:colcon.colcon_core.environment:checking '/home/tiger/桌面/turtle_chase_package/install/turtle_chase_package/bin'
[18.949s] INFO:colcon.colcon_core.shell:Creating package script '/home/tiger/桌面/turtle_chase_package/install/turtle_chase_package/share/turtle_chase_package/package.ps1'
[18.950s] INFO:colcon.colcon_core.shell:Creating package descriptor '/home/tiger/桌面/turtle_chase_package/install/turtle_chase_package/share/turtle_chase_package/package.dsv'
[18.951s] INFO:colcon.colcon_core.shell:Creating package script '/home/tiger/桌面/turtle_chase_package/install/turtle_chase_package/share/turtle_chase_package/package.sh'
[18.951s] INFO:colcon.colcon_core.shell:Creating package script '/home/tiger/桌面/turtle_chase_package/install/turtle_chase_package/share/turtle_chase_package/package.bash'
[18.952s] INFO:colcon.colcon_core.shell:Creating package script '/home/tiger/桌面/turtle_chase_package/install/turtle_chase_package/share/turtle_chase_package/package.zsh'
[18.952s] Level 1:colcon.colcon_core.environment:create_file_with_runtime_dependencies(/home/tiger/桌面/turtle_chase_package/install/turtle_chase_package/share/colcon-core/packages/turtle_chase_package)
[18.998s] Level 1:colcon.colcon_core.environment:create_environment_scripts_only(turtle_chase_package)
[18.999s] Level 1:colcon.colcon_core.environment:checking '/home/tiger/桌面/turtle_chase_package/install/turtle_chase_package' for CMake module files
[18.999s] Level 1:colcon.colcon_core.environment:checking '/home/tiger/桌面/turtle_chase_package/install/turtle_chase_package' for CMake config files
[18.999s] Level 1:colcon.colcon_core.shell:create_environment_hook('turtle_chase_package', 'cmake_prefix_path')
[18.999s] INFO:colcon.colcon_core.shell:Creating environment hook '/home/tiger/桌面/turtle_chase_package/install/turtle_chase_package/share/turtle_chase_package/hook/cmake_prefix_path.ps1'
[19.000s] INFO:colcon.colcon_core.shell:Creating environment descriptor '/home/tiger/桌面/turtle_chase_package/install/turtle_chase_package/share/turtle_chase_package/hook/cmake_prefix_path.dsv'
[19.013s] INFO:colcon.colcon_core.shell:Creating environment hook '/home/tiger/桌面/turtle_chase_package/install/turtle_chase_package/share/turtle_chase_package/hook/cmake_prefix_path.sh'
[19.014s] Level 1:colcon.colcon_core.environment:checking '/home/tiger/桌面/turtle_chase_package/install/turtle_chase_package/lib'
[19.015s] Level 1:colcon.colcon_core.environment:checking '/home/tiger/桌面/turtle_chase_package/install/turtle_chase_package/bin'
[19.015s] Level 1:colcon.colcon_core.environment:checking '/home/tiger/桌面/turtle_chase_package/install/turtle_chase_package/lib/pkgconfig/turtle_chase_package.pc'
[19.015s] Level 1:colcon.colcon_core.environment:checking '/home/tiger/桌面/turtle_chase_package/install/turtle_chase_package/lib/python3.10/site-packages'
[19.015s] Level 1:colcon.colcon_core.environment:checking '/home/tiger/桌面/turtle_chase_package/install/turtle_chase_package/bin'
[19.015s] INFO:colcon.colcon_core.shell:Creating package script '/home/tiger/桌面/turtle_chase_package/install/turtle_chase_package/share/turtle_chase_package/package.ps1'
[19.016s] INFO:colcon.colcon_core.shell:Creating package descriptor '/home/tiger/桌面/turtle_chase_package/install/turtle_chase_package/share/turtle_chase_package/package.dsv'
[19.016s] INFO:colcon.colcon_core.shell:Creating package script '/home/tiger/桌面/turtle_chase_package/install/turtle_chase_package/share/turtle_chase_package/package.sh'
[19.018s] INFO:colcon.colcon_core.shell:Creating package script '/home/tiger/桌面/turtle_chase_package/install/turtle_chase_package/share/turtle_chase_package/package.bash'
[19.019s] INFO:colcon.colcon_core.shell:Creating package script '/home/tiger/桌面/turtle_chase_package/install/turtle_chase_package/share/turtle_chase_package/package.zsh'
[19.022s] Level 1:colcon.colcon_core.environment:create_file_with_runtime_dependencies(/home/tiger/桌面/turtle_chase_package/install/turtle_chase_package/share/colcon-core/packages/turtle_chase_package)
[19.025s] DEBUG:colcon.colcon_parallel_executor.executor.parallel:closing loop
[19.025s] DEBUG:colcon.colcon_parallel_executor.executor.parallel:loop closed
[19.026s] DEBUG:colcon.colcon_parallel_executor.executor.parallel:run_until_complete finished with '0'
[19.026s] DEBUG:colcon.colcon_core.event_reactor:joining thread
[19.038s] INFO:colcon.colcon_core.plugin_system:Skipping extension 'colcon_notification.desktop_notification.terminal_notifier': Not used on non-Darwin systems
[19.038s] INFO:colcon.colcon_core.plugin_system:Skipping extension 'colcon_notification.desktop_notification.win32': Not used on non-Windows systems
[19.039s] INFO:colcon.colcon_notification.desktop_notification:Sending desktop notification using 'notify2'
[19.163s] DEBUG:colcon.colcon_core.event_reactor:joined thread
[19.164s] INFO:colcon.colcon_core.shell:Creating prefix script '/home/tiger/桌面/turtle_chase_package/install/local_setup.ps1'
[19.164s] INFO:colcon.colcon_core.shell:Creating prefix util module '/home/tiger/桌面/turtle_chase_package/install/_local_setup_util_ps1.py'
[19.166s] INFO:colcon.colcon_core.shell:Creating prefix chain script '/home/tiger/桌面/turtle_chase_package/install/setup.ps1'
[19.168s] INFO:colcon.colcon_core.shell:Creating prefix script '/home/tiger/桌面/turtle_chase_package/install/local_setup.sh'
[19.170s] INFO:colcon.colcon_core.shell:Creating prefix util module '/home/tiger/桌面/turtle_chase_package/install/_local_setup_util_sh.py'
[19.170s] INFO:colcon.colcon_core.shell:Creating prefix chain script '/home/tiger/桌面/turtle_chase_package/install/setup.sh'
[19.173s] INFO:colcon.colcon_core.shell:Creating prefix script '/home/tiger/桌面/turtle_chase_package/install/local_setup.bash'
[19.173s] INFO:colcon.colcon_core.shell:Creating prefix chain script '/home/tiger/桌面/turtle_chase_package/install/setup.bash'
[19.180s] INFO:colcon.colcon_core.shell:Creating prefix script '/home/tiger/桌面/turtle_chase_package/install/local_setup.zsh'
[19.181s] INFO:colcon.colcon_core.shell:Creating prefix chain script '/home/tiger/桌面/turtle_chase_package/install/setup.zsh'
