[0.021s] Invoking command in '/home/tiger/æ¡Œé¢/turtle_chase_package/build/turtle_chase_package': CMAKE_PREFIX_PATH=/opt/ros/humble /usr/bin/cmake --build /home/tiger/æ¡Œé¢/turtle_chase_package/build/turtle_chase_package -- -j1 -l1
[0.126s] [35m[1mConsolidate compiler generated dependencies of target turtle_chase[0m
[0.157s] [100%] Built target turtle_chase
[0.184s] Invoked command in '/home/tiger/æ¡Œé¢/turtle_chase_package/build/turtle_chase_package' returned '0': CMAKE_PREFIX_PATH=/opt/ros/humble /usr/bin/cmake --build /home/tiger/æ¡Œé¢/turtle_chase_package/build/turtle_chase_package -- -j1 -l1
[0.273s] Invoking command in '/home/tiger/æ¡Œé¢/turtle_chase_package/build/turtle_chase_package': CMAKE_PREFIX_PATH=/opt/ros/humble /usr/bin/cmake --install /home/tiger/æ¡Œé¢/turtle_chase_package/build/turtle_chase_package
[0.300s] -- Install configuration: ""
[0.300s] -- Up-to-date: /home/tiger/æ¡Œé¢/turtle_chase_package/install/turtle_chase_package/lib/turtle_chase_package/turtle_chase
[0.300s] -- Up-to-date: /home/tiger/æ¡Œé¢/turtle_chase_package/install/turtle_chase_package/share/ament_index/resource_index/package_run_dependencies/turtle_chase_package
[0.300s] -- Up-to-date: /home/tiger/æ¡Œé¢/turtle_chase_package/install/turtle_chase_package/share/ament_index/resource_index/parent_prefix_path/turtle_chase_package
[0.300s] -- Up-to-date: /home/tiger/æ¡Œé¢/turtle_chase_package/install/turtle_chase_package/share/turtle_chase_package/environment/ament_prefix_path.sh
[0.300s] -- Up-to-date: /home/tiger/æ¡Œé¢/turtle_chase_package/install/turtle_chase_package/share/turtle_chase_package/environment/ament_prefix_path.dsv
[0.300s] -- Up-to-date: /home/tiger/æ¡Œé¢/turtle_chase_package/install/turtle_chase_package/share/turtle_chase_package/environment/path.sh
[0.300s] -- Up-to-date: /home/tiger/æ¡Œé¢/turtle_chase_package/install/turtle_chase_package/share/turtle_chase_package/environment/path.dsv
[0.300s] -- Up-to-date: /home/tiger/æ¡Œé¢/turtle_chase_package/install/turtle_chase_package/share/turtle_chase_package/local_setup.bash
[0.300s] -- Up-to-date: /home/tiger/æ¡Œé¢/turtle_chase_package/install/turtle_chase_package/share/turtle_chase_package/local_setup.sh
[0.300s] -- Up-to-date: /home/tiger/æ¡Œé¢/turtle_chase_package/install/turtle_chase_package/share/turtle_chase_package/local_setup.zsh
[0.301s] -- Up-to-date: /home/tiger/æ¡Œé¢/turtle_chase_package/install/turtle_chase_package/share/turtle_chase_package/local_setup.dsv
[0.301s] -- Installing: /home/tiger/æ¡Œé¢/turtle_chase_package/install/turtle_chase_package/share/turtle_chase_package/package.dsv
[0.301s] -- Up-to-date: /home/tiger/æ¡Œé¢/turtle_chase_package/install/turtle_chase_package/share/ament_index/resource_index/packages/turtle_chase_package
[0.301s] -- Up-to-date: /home/tiger/æ¡Œé¢/turtle_chase_package/install/turtle_chase_package/share/turtle_chase_package/cmake/turtle_chase_packageConfig.cmake
[0.301s] -- Up-to-date: /home/tiger/æ¡Œé¢/turtle_chase_package/install/turtle_chase_package/share/turtle_chase_package/cmake/turtle_chase_packageConfig-version.cmake
[0.301s] -- Up-to-date: /home/tiger/æ¡Œé¢/turtle_chase_package/install/turtle_chase_package/share/turtle_chase_package/package.xml
[0.314s] Invoked command in '/home/tiger/æ¡Œé¢/turtle_chase_package/build/turtle_chase_package' returned '0': CMAKE_PREFIX_PATH=/opt/ros/humble /usr/bin/cmake --install /home/tiger/æ¡Œé¢/turtle_chase_package/build/turtle_chase_package
