[0.013s] Invoking command in '/home/tiger/æ¡Œé¢/turtle_chase_package/build/turtle_chase_package': CMAKE_PREFIX_PATH=/opt/ros/humble /usr/bin/cmake --build /home/tiger/æ¡Œé¢/turtle_chase_package/build/turtle_chase_package -- -j1 -l1
[0.126s] [35m[1mConsolidate compiler generated dependencies of target turtle_chase[0m
[0.173s] [ 50%] [32mBuilding CXX object CMakeFiles/turtle_chase.dir/src/turtle_chase.cpp.o[0m
[14.663s] [100%] [32m[1mLinking CXX executable turtle_chase[0m
[15.498s] [100%] Built target turtle_chase
[15.530s] Invoked command in '/home/tiger/æ¡Œé¢/turtle_chase_package/build/turtle_chase_package' returned '0': CMAKE_PREFIX_PATH=/opt/ros/humble /usr/bin/cmake --build /home/tiger/æ¡Œé¢/turtle_chase_package/build/turtle_chase_package -- -j1 -l1
[15.586s] Invoking command in '/home/tiger/æ¡Œé¢/turtle_chase_package/build/turtle_chase_package': CMAKE_PREFIX_PATH=/opt/ros/humble /usr/bin/cmake --install /home/tiger/æ¡Œé¢/turtle_chase_package/build/turtle_chase_package
[15.603s] -- Install configuration: ""
[15.603s] -- Execute custom install script
[15.603s] -- Up-to-date symlink: /home/tiger/æ¡Œé¢/turtle_chase_package/install/turtle_chase_package/lib/turtle_chase_package/turtle_chase
[15.603s] -- Up-to-date symlink: /home/tiger/æ¡Œé¢/turtle_chase_package/install/turtle_chase_package/share/ament_index/resource_index/package_run_dependencies/turtle_chase_package
[15.603s] -- Up-to-date symlink: /home/tiger/æ¡Œé¢/turtle_chase_package/install/turtle_chase_package/share/ament_index/resource_index/parent_prefix_path/turtle_chase_package
[15.604s] -- Up-to-date symlink: /home/tiger/æ¡Œé¢/turtle_chase_package/install/turtle_chase_package/share/turtle_chase_package/environment/ament_prefix_path.sh
[15.604s] -- Up-to-date symlink: /home/tiger/æ¡Œé¢/turtle_chase_package/install/turtle_chase_package/share/turtle_chase_package/environment/ament_prefix_path.dsv
[15.604s] -- Up-to-date symlink: /home/tiger/æ¡Œé¢/turtle_chase_package/install/turtle_chase_package/share/turtle_chase_package/environment/path.sh
[15.604s] -- Up-to-date symlink: /home/tiger/æ¡Œé¢/turtle_chase_package/install/turtle_chase_package/share/turtle_chase_package/environment/path.dsv
[15.604s] -- Up-to-date symlink: /home/tiger/æ¡Œé¢/turtle_chase_package/install/turtle_chase_package/share/turtle_chase_package/local_setup.bash
[15.604s] -- Up-to-date symlink: /home/tiger/æ¡Œé¢/turtle_chase_package/install/turtle_chase_package/share/turtle_chase_package/local_setup.sh
[15.604s] -- Up-to-date symlink: /home/tiger/æ¡Œé¢/turtle_chase_package/install/turtle_chase_package/share/turtle_chase_package/local_setup.zsh
[15.604s] -- Up-to-date symlink: /home/tiger/æ¡Œé¢/turtle_chase_package/install/turtle_chase_package/share/turtle_chase_package/local_setup.dsv
[15.604s] -- Symlinking: /home/tiger/æ¡Œé¢/turtle_chase_package/install/turtle_chase_package/share/turtle_chase_package/package.dsv
[15.621s] -- Up-to-date symlink: /home/tiger/æ¡Œé¢/turtle_chase_package/install/turtle_chase_package/share/ament_index/resource_index/packages/turtle_chase_package
[15.621s] -- Up-to-date symlink: /home/tiger/æ¡Œé¢/turtle_chase_package/install/turtle_chase_package/share/turtle_chase_package/cmake/turtle_chase_packageConfig.cmake
[15.621s] -- Up-to-date symlink: /home/tiger/æ¡Œé¢/turtle_chase_package/install/turtle_chase_package/share/turtle_chase_package/cmake/turtle_chase_packageConfig-version.cmake
[15.621s] -- Up-to-date symlink: /home/tiger/æ¡Œé¢/turtle_chase_package/install/turtle_chase_package/share/turtle_chase_package/package.xml
[15.626s] Invoked command in '/home/tiger/æ¡Œé¢/turtle_chase_package/build/turtle_chase_package' returned '0': CMAKE_PREFIX_PATH=/opt/ros/humble /usr/bin/cmake --install /home/tiger/æ¡Œé¢/turtle_chase_package/build/turtle_chase_package
