[0.017s] Invoking command in '/home/tiger/桌面/turtle_chase_package/build/turtle_chase_package': CMAKE_PREFIX_PATH=/opt/ros/humble /usr/bin/cmake --build /home/tiger/桌面/turtle_chase_package/build/turtle_chase_package -- -j1 -l1
[0.166s] [100%] Built target turtle_chase
[0.178s] Invoked command in '/home/tiger/桌面/turtle_chase_package/build/turtle_chase_package' returned '0': CMAKE_PREFIX_PATH=/opt/ros/humble /usr/bin/cmake --build /home/tiger/桌面/turtle_chase_package/build/turtle_chase_package -- -j1 -l1
[0.265s] Invoking command in '/home/tiger/桌面/turtle_chase_package/build/turtle_chase_package': CMAKE_PREFIX_PATH=/opt/ros/humble /usr/bin/cmake --install /home/tiger/桌面/turtle_chase_package/build/turtle_chase_package
[0.278s] -- Install configuration: ""
[0.278s] -- Execute custom install script
[0.287s] -- Up-to-date symlink: /home/tiger/桌面/turtle_chase_package/install/turtle_chase_package/lib/turtle_chase_package/turtle_chase
[0.287s] -- Up-to-date symlink: /home/tiger/桌面/turtle_chase_package/install/turtle_chase_package/share/ament_index/resource_index/package_run_dependencies/turtle_chase_package
[0.287s] -- Up-to-date symlink: /home/tiger/桌面/turtle_chase_package/install/turtle_chase_package/share/ament_index/resource_index/parent_prefix_path/turtle_chase_package
[0.287s] -- Up-to-date symlink: /home/tiger/桌面/turtle_chase_package/install/turtle_chase_package/share/turtle_chase_package/environment/ament_prefix_path.sh
[0.287s] -- Up-to-date symlink: /home/tiger/桌面/turtle_chase_package/install/turtle_chase_package/share/turtle_chase_package/environment/ament_prefix_path.dsv
[0.287s] -- Up-to-date symlink: /home/tiger/桌面/turtle_chase_package/install/turtle_chase_package/share/turtle_chase_package/environment/path.sh
[0.287s] -- Up-to-date symlink: /home/tiger/桌面/turtle_chase_package/install/turtle_chase_package/share/turtle_chase_package/environment/path.dsv
[0.287s] -- Up-to-date symlink: /home/tiger/桌面/turtle_chase_package/install/turtle_chase_package/share/turtle_chase_package/local_setup.bash
[0.287s] -- Up-to-date symlink: /home/tiger/桌面/turtle_chase_package/install/turtle_chase_package/share/turtle_chase_package/local_setup.sh
[0.287s] -- Up-to-date symlink: /home/tiger/桌面/turtle_chase_package/install/turtle_chase_package/share/turtle_chase_package/local_setup.zsh
[0.287s] -- Up-to-date symlink: /home/tiger/桌面/turtle_chase_package/install/turtle_chase_package/share/turtle_chase_package/local_setup.dsv
[0.287s] -- Symlinking: /home/tiger/桌面/turtle_chase_package/install/turtle_chase_package/share/turtle_chase_package/package.dsv
[0.308s] -- Up-to-date symlink: /home/tiger/桌面/turtle_chase_package/install/turtle_chase_package/share/ament_index/resource_index/packages/turtle_chase_package
[0.308s] -- Up-to-date symlink: /home/tiger/桌面/turtle_chase_package/install/turtle_chase_package/share/turtle_chase_package/cmake/turtle_chase_packageConfig.cmake
[0.308s] -- Up-to-date symlink: /home/tiger/桌面/turtle_chase_package/install/turtle_chase_package/share/turtle_chase_package/cmake/turtle_chase_packageConfig-version.cmake
[0.308s] -- Up-to-date symlink: /home/tiger/桌面/turtle_chase_package/install/turtle_chase_package/share/turtle_chase_package/package.xml
[0.315s] Invoked command in '/home/tiger/桌面/turtle_chase_package/build/turtle_chase_package' returned '0': CMAKE_PREFIX_PATH=/opt/ros/humble /usr/bin/cmake --install /home/tiger/桌面/turtle_chase_package/build/turtle_chase_package
