[0.118s] DEBUG:colcon:Command line arguments: ['/usr/bin/colcon', 'build']
[0.118s] DEBUG:colcon:Parsed command line arguments: Namespace(log_base=None, log_level=None, verb_name='build', build_base='build', install_base='install', merge_install=False, symlink_install=False, test_result_base=None, continue_on_error=False, executor='parallel', parallel_workers=1, event_handlers=None, ignore_user_meta=False, metas=['./colcon.meta'], base_paths=['.'], packages_ignore=None, packages_ignore_regex=None, paths=None, packages_up_to=None, packages_up_to_regex=None, packages_above=None, packages_above_and_dependencies=None, packages_above_depth=None, packages_select_by_dep=None, packages_skip_by_dep=None, packages_skip_up_to=None, packages_select_build_failed=False, packages_skip_build_finished=False, packages_select_test_failures=False, packages_skip_test_passed=False, packages_select=None, packages_skip=None, packages_select_regex=None, packages_skip_regex=None, packages_start=None, packages_end=None, allow_overriding=[], cmake_args=None, cmake_target=None, cmake_target_skip_unavailable=False, cmake_clean_cache=False, cmake_clean_first=False, cmake_force_configure=False, ament_cmake_args=None, catkin_cmake_args=None, catkin_skip_building_tests=False, verb_parser=<colcon_defaults.argument_parser.defaults.DefaultArgumentsDecorator object at 0x736ae03540d0>, verb_extension=<colcon_core.verb.build.BuildVerb object at 0x736ae04bc640>, main=<bound method BuildVerb.main of <colcon_core.verb.build.BuildVerb object at 0x736ae04bc640>>)
[0.314s] Level 1:colcon.colcon_core.package_discovery:discover_packages(colcon_meta) check parameters
[0.315s] Level 1:colcon.colcon_core.package_discovery:discover_packages(recursive) check parameters
[0.315s] Level 1:colcon.colcon_core.package_discovery:discover_packages(ignore) check parameters
[0.315s] Level 1:colcon.colcon_core.package_discovery:discover_packages(path) check parameters
[0.316s] Level 1:colcon.colcon_core.package_discovery:discover_packages(colcon_meta) discover
[0.316s] Level 1:colcon.colcon_core.package_discovery:discover_packages(recursive) discover
[0.316s] INFO:colcon.colcon_core.package_discovery:Crawling recursively for packages in '/home/tiger/桌面/turtle_chase_package'
[0.316s] Level 1:colcon.colcon_core.package_identification:_identify(.) by extensions ['ignore', 'ignore_ament_install']
[0.316s] Level 1:colcon.colcon_core.package_identification:_identify(.) by extension 'ignore'
[0.316s] Level 1:colcon.colcon_core.package_identification:_identify(.) by extension 'ignore_ament_install'
[0.316s] Level 1:colcon.colcon_core.package_identification:_identify(.) by extensions ['colcon_pkg']
[0.316s] Level 1:colcon.colcon_core.package_identification:_identify(.) by extension 'colcon_pkg'
[0.316s] Level 1:colcon.colcon_core.package_identification:_identify(.) by extensions ['colcon_meta']
[0.316s] Level 1:colcon.colcon_core.package_identification:_identify(.) by extension 'colcon_meta'
[0.316s] Level 1:colcon.colcon_core.package_identification:_identify(.) by extensions ['ros']
[0.316s] Level 1:colcon.colcon_core.package_identification:_identify(.) by extension 'ros'
[0.336s] DEBUG:colcon.colcon_core.package_identification:Package '.' with type 'ros.ament_cmake' and name 'turtle_chase_package'
[0.336s] Level 1:colcon.colcon_core.package_discovery:discover_packages(recursive) using defaults
[0.336s] Level 1:colcon.colcon_core.package_discovery:discover_packages(ignore) discover
[0.336s] Level 1:colcon.colcon_core.package_discovery:discover_packages(ignore) using defaults
[0.336s] Level 1:colcon.colcon_core.package_discovery:discover_packages(path) discover
[0.336s] Level 1:colcon.colcon_core.package_discovery:discover_packages(path) using defaults
[0.362s] Level 1:colcon.colcon_core.package_discovery:discover_packages(prefix_path) check parameters
[0.363s] Level 1:colcon.colcon_core.package_discovery:discover_packages(prefix_path) discover
[0.366s] DEBUG:colcon.colcon_installed_package_information.package_discovery:Found 294 installed packages in /opt/ros/humble
[0.368s] Level 1:colcon.colcon_core.package_discovery:discover_packages(prefix_path) using defaults
[0.488s] Level 5:colcon.colcon_core.verb:set package 'turtle_chase_package' build argument 'cmake_args' from command line to 'None'
[0.488s] Level 5:colcon.colcon_core.verb:set package 'turtle_chase_package' build argument 'cmake_target' from command line to 'None'
[0.488s] Level 5:colcon.colcon_core.verb:set package 'turtle_chase_package' build argument 'cmake_target_skip_unavailable' from command line to 'False'
[0.488s] Level 5:colcon.colcon_core.verb:set package 'turtle_chase_package' build argument 'cmake_clean_cache' from command line to 'False'
[0.488s] Level 5:colcon.colcon_core.verb:set package 'turtle_chase_package' build argument 'cmake_clean_first' from command line to 'False'
[0.488s] Level 5:colcon.colcon_core.verb:set package 'turtle_chase_package' build argument 'cmake_force_configure' from command line to 'False'
[0.488s] Level 5:colcon.colcon_core.verb:set package 'turtle_chase_package' build argument 'ament_cmake_args' from command line to 'None'
[0.488s] Level 5:colcon.colcon_core.verb:set package 'turtle_chase_package' build argument 'catkin_cmake_args' from command line to 'None'
[0.488s] Level 5:colcon.colcon_core.verb:set package 'turtle_chase_package' build argument 'catkin_skip_building_tests' from command line to 'False'
[0.488s] DEBUG:colcon.colcon_core.verb:Building package 'turtle_chase_package' with the following arguments: {'ament_cmake_args': None, 'build_base': '/home/tiger/桌面/turtle_chase_package/build/turtle_chase_package', 'catkin_cmake_args': None, 'catkin_skip_building_tests': False, 'cmake_args': None, 'cmake_clean_cache': False, 'cmake_clean_first': False, 'cmake_force_configure': False, 'cmake_target': None, 'cmake_target_skip_unavailable': False, 'install_base': '/home/tiger/桌面/turtle_chase_package/install/turtle_chase_package', 'merge_install': False, 'path': '/home/tiger/桌面/turtle_chase_package', 'symlink_install': False, 'test_result_base': None}
[0.523s] INFO:colcon.colcon_core.executor:Executing jobs using 'parallel' executor
[0.524s] DEBUG:colcon.colcon_parallel_executor.executor.parallel:run_until_complete
[0.527s] INFO:colcon.colcon_ros.task.ament_cmake.build:Building ROS package in '/home/tiger/桌面/turtle_chase_package' with build type 'ament_cmake'
[0.527s] INFO:colcon.colcon_cmake.task.cmake.build:Building CMake package in '/home/tiger/桌面/turtle_chase_package'
[0.537s] INFO:colcon.colcon_core.plugin_system:Skipping extension 'colcon_core.shell.bat': Not used on non-Windows systems
[0.538s] INFO:colcon.colcon_core.shell:Skip shell extension 'powershell' for command environment: Not usable outside of PowerShell
[0.538s] DEBUG:colcon.colcon_core.shell:Skip shell extension 'dsv' for command environment
[0.577s] DEBUG:colcon.colcon_core.event_handler.log_command:Invoking command in '/home/tiger/桌面/turtle_chase_package/build/turtle_chase_package': CMAKE_PREFIX_PATH=/opt/ros/humble /usr/bin/cmake --build /home/tiger/桌面/turtle_chase_package/build/turtle_chase_package -- -j1 -l1
[26.708s] DEBUG:colcon.colcon_core.event_handler.log_command:Invoked command in '/home/tiger/桌面/turtle_chase_package/build/turtle_chase_package' returned '0': CMAKE_PREFIX_PATH=/opt/ros/humble /usr/bin/cmake --build /home/tiger/桌面/turtle_chase_package/build/turtle_chase_package -- -j1 -l1
[26.835s] DEBUG:colcon.colcon_core.event_handler.log_command:Invoking command in '/home/tiger/桌面/turtle_chase_package/build/turtle_chase_package': CMAKE_PREFIX_PATH=/opt/ros/humble /usr/bin/cmake --install /home/tiger/桌面/turtle_chase_package/build/turtle_chase_package
[26.916s] Level 1:colcon.colcon_core.environment:create_environment_scripts_only(turtle_chase_package)
[26.918s] Level 1:colcon.colcon_core.environment:checking '/home/tiger/桌面/turtle_chase_package/install/turtle_chase_package' for CMake module files
[26.919s] Level 1:colcon.colcon_core.environment:checking '/home/tiger/桌面/turtle_chase_package/install/turtle_chase_package' for CMake config files
[26.919s] Level 1:colcon.colcon_core.shell:create_environment_hook('turtle_chase_package', 'cmake_prefix_path')
[26.920s] INFO:colcon.colcon_core.shell:Creating environment hook '/home/tiger/桌面/turtle_chase_package/install/turtle_chase_package/share/turtle_chase_package/hook/cmake_prefix_path.ps1'
[26.926s] INFO:colcon.colcon_core.shell:Creating environment descriptor '/home/tiger/桌面/turtle_chase_package/install/turtle_chase_package/share/turtle_chase_package/hook/cmake_prefix_path.dsv'
[26.928s] DEBUG:colcon.colcon_core.event_handler.log_command:Invoked command in '/home/tiger/桌面/turtle_chase_package/build/turtle_chase_package' returned '0': CMAKE_PREFIX_PATH=/opt/ros/humble /usr/bin/cmake --install /home/tiger/桌面/turtle_chase_package/build/turtle_chase_package
[26.932s] INFO:colcon.colcon_core.shell:Creating environment hook '/home/tiger/桌面/turtle_chase_package/install/turtle_chase_package/share/turtle_chase_package/hook/cmake_prefix_path.sh'
[26.934s] Level 1:colcon.colcon_core.environment:checking '/home/tiger/桌面/turtle_chase_package/install/turtle_chase_package/lib'
[26.934s] Level 1:colcon.colcon_core.environment:checking '/home/tiger/桌面/turtle_chase_package/install/turtle_chase_package/bin'
[26.934s] Level 1:colcon.colcon_core.environment:checking '/home/tiger/桌面/turtle_chase_package/install/turtle_chase_package/lib/pkgconfig/turtle_chase_package.pc'
[26.934s] Level 1:colcon.colcon_core.environment:checking '/home/tiger/桌面/turtle_chase_package/install/turtle_chase_package/lib/python3.10/site-packages'
[26.937s] Level 1:colcon.colcon_core.environment:checking '/home/tiger/桌面/turtle_chase_package/install/turtle_chase_package/bin'
[26.937s] INFO:colcon.colcon_core.shell:Creating package script '/home/tiger/桌面/turtle_chase_package/install/turtle_chase_package/share/turtle_chase_package/package.ps1'
[26.943s] INFO:colcon.colcon_core.shell:Creating package descriptor '/home/tiger/桌面/turtle_chase_package/install/turtle_chase_package/share/turtle_chase_package/package.dsv'
[26.945s] INFO:colcon.colcon_core.shell:Creating package script '/home/tiger/桌面/turtle_chase_package/install/turtle_chase_package/share/turtle_chase_package/package.sh'
[26.947s] INFO:colcon.colcon_core.shell:Creating package script '/home/tiger/桌面/turtle_chase_package/install/turtle_chase_package/share/turtle_chase_package/package.bash'
[26.960s] INFO:colcon.colcon_core.shell:Creating package script '/home/tiger/桌面/turtle_chase_package/install/turtle_chase_package/share/turtle_chase_package/package.zsh'
[26.961s] Level 1:colcon.colcon_core.environment:create_file_with_runtime_dependencies(/home/tiger/桌面/turtle_chase_package/install/turtle_chase_package/share/colcon-core/packages/turtle_chase_package)
[27.073s] Level 1:colcon.colcon_core.environment:create_environment_scripts_only(turtle_chase_package)
[27.075s] Level 1:colcon.colcon_core.environment:checking '/home/tiger/桌面/turtle_chase_package/install/turtle_chase_package' for CMake module files
[27.075s] Level 1:colcon.colcon_core.environment:checking '/home/tiger/桌面/turtle_chase_package/install/turtle_chase_package' for CMake config files
[27.077s] Level 1:colcon.colcon_core.shell:create_environment_hook('turtle_chase_package', 'cmake_prefix_path')
[27.078s] INFO:colcon.colcon_core.shell:Creating environment hook '/home/tiger/桌面/turtle_chase_package/install/turtle_chase_package/share/turtle_chase_package/hook/cmake_prefix_path.ps1'
[27.081s] INFO:colcon.colcon_core.shell:Creating environment descriptor '/home/tiger/桌面/turtle_chase_package/install/turtle_chase_package/share/turtle_chase_package/hook/cmake_prefix_path.dsv'
[27.082s] INFO:colcon.colcon_core.shell:Creating environment hook '/home/tiger/桌面/turtle_chase_package/install/turtle_chase_package/share/turtle_chase_package/hook/cmake_prefix_path.sh'
[27.084s] Level 1:colcon.colcon_core.environment:checking '/home/tiger/桌面/turtle_chase_package/install/turtle_chase_package/lib'
[27.084s] Level 1:colcon.colcon_core.environment:checking '/home/tiger/桌面/turtle_chase_package/install/turtle_chase_package/bin'
[27.084s] Level 1:colcon.colcon_core.environment:checking '/home/tiger/桌面/turtle_chase_package/install/turtle_chase_package/lib/pkgconfig/turtle_chase_package.pc'
[27.084s] Level 1:colcon.colcon_core.environment:checking '/home/tiger/桌面/turtle_chase_package/install/turtle_chase_package/lib/python3.10/site-packages'
[27.084s] Level 1:colcon.colcon_core.environment:checking '/home/tiger/桌面/turtle_chase_package/install/turtle_chase_package/bin'
[27.085s] INFO:colcon.colcon_core.shell:Creating package script '/home/tiger/桌面/turtle_chase_package/install/turtle_chase_package/share/turtle_chase_package/package.ps1'
[27.088s] INFO:colcon.colcon_core.shell:Creating package descriptor '/home/tiger/桌面/turtle_chase_package/install/turtle_chase_package/share/turtle_chase_package/package.dsv'
[27.089s] INFO:colcon.colcon_core.shell:Creating package script '/home/tiger/桌面/turtle_chase_package/install/turtle_chase_package/share/turtle_chase_package/package.sh'
[27.092s] INFO:colcon.colcon_core.shell:Creating package script '/home/tiger/桌面/turtle_chase_package/install/turtle_chase_package/share/turtle_chase_package/package.bash'
[27.092s] INFO:colcon.colcon_core.shell:Creating package script '/home/tiger/桌面/turtle_chase_package/install/turtle_chase_package/share/turtle_chase_package/package.zsh'
[27.093s] Level 1:colcon.colcon_core.environment:create_file_with_runtime_dependencies(/home/tiger/桌面/turtle_chase_package/install/turtle_chase_package/share/colcon-core/packages/turtle_chase_package)
[27.095s] DEBUG:colcon.colcon_parallel_executor.executor.parallel:closing loop
[27.100s] DEBUG:colcon.colcon_parallel_executor.executor.parallel:loop closed
[27.100s] DEBUG:colcon.colcon_parallel_executor.executor.parallel:run_until_complete finished with '0'
[27.100s] DEBUG:colcon.colcon_core.event_reactor:joining thread
[27.104s] INFO:colcon.colcon_core.plugin_system:Skipping extension 'colcon_notification.desktop_notification.terminal_notifier': Not used on non-Darwin systems
[27.105s] INFO:colcon.colcon_core.plugin_system:Skipping extension 'colcon_notification.desktop_notification.win32': Not used on non-Windows systems
[27.105s] INFO:colcon.colcon_notification.desktop_notification:Sending desktop notification using 'notify2'
[27.151s] DEBUG:colcon.colcon_core.event_reactor:joined thread
[27.151s] INFO:colcon.colcon_core.shell:Creating prefix script '/home/tiger/桌面/turtle_chase_package/install/local_setup.ps1'
[27.153s] INFO:colcon.colcon_core.shell:Creating prefix util module '/home/tiger/桌面/turtle_chase_package/install/_local_setup_util_ps1.py'
[27.154s] INFO:colcon.colcon_core.shell:Creating prefix chain script '/home/tiger/桌面/turtle_chase_package/install/setup.ps1'
[27.162s] INFO:colcon.colcon_core.shell:Creating prefix script '/home/tiger/桌面/turtle_chase_package/install/local_setup.sh'
[27.163s] INFO:colcon.colcon_core.shell:Creating prefix util module '/home/tiger/桌面/turtle_chase_package/install/_local_setup_util_sh.py'
[27.164s] INFO:colcon.colcon_core.shell:Creating prefix chain script '/home/tiger/桌面/turtle_chase_package/install/setup.sh'
[27.167s] INFO:colcon.colcon_core.shell:Creating prefix script '/home/tiger/桌面/turtle_chase_package/install/local_setup.bash'
[27.168s] INFO:colcon.colcon_core.shell:Creating prefix chain script '/home/tiger/桌面/turtle_chase_package/install/setup.bash'
[27.169s] INFO:colcon.colcon_core.shell:Creating prefix script '/home/tiger/桌面/turtle_chase_package/install/local_setup.zsh'
[27.171s] INFO:colcon.colcon_core.shell:Creating prefix chain script '/home/tiger/桌面/turtle_chase_package/install/setup.zsh'
