[0.010s] Invoking command in '/home/tiger/æ¡Œé¢/turtle_chase_package/build/turtle_chase_package': CMAKE_PREFIX_PATH=${CMAKE_PREFIX_PATH}:/opt/ros/humble /usr/bin/cmake --build /home/tiger/æ¡Œé¢/turtle_chase_package/build/turtle_chase_package -- -j1 -l1
[0.119s] [35m[1mConsolidate compiler generated dependencies of target turtle_chase[0m
[0.154s] [ 50%] [32mBuilding CXX object CMakeFiles/turtle_chase.dir/src/turtle_chase.cpp.o[0m
[16.289s] [100%] [32m[1mLinking CXX executable turtle_chase[0m
[17.126s] [100%] Built target turtle_chase
[17.144s] Invoked command in '/home/tiger/æ¡Œé¢/turtle_chase_package/build/turtle_chase_package' returned '0': CMAKE_PREFIX_PATH=${CMAKE_PREFIX_PATH}:/opt/ros/humble /usr/bin/cmake --build /home/tiger/æ¡Œé¢/turtle_chase_package/build/turtle_chase_package -- -j1 -l1
[17.197s] Invoking command in '/home/tiger/æ¡Œé¢/turtle_chase_package/build/turtle_chase_package': CMAKE_PREFIX_PATH=${CMAKE_PREFIX_PATH}:/opt/ros/humble /usr/bin/cmake --install /home/tiger/æ¡Œé¢/turtle_chase_package/build/turtle_chase_package
[17.205s] -- Install configuration: ""
[17.208s] -- Execute custom install script
[17.209s] -- Up-to-date symlink: /home/tiger/æ¡Œé¢/turtle_chase_package/install/turtle_chase_package/lib/turtle_chase_package/turtle_chase
[17.210s] -- Up-to-date symlink: /home/tiger/æ¡Œé¢/turtle_chase_package/install/turtle_chase_package/share/ament_index/resource_index/package_run_dependencies/turtle_chase_package
[17.211s] -- Up-to-date symlink: /home/tiger/æ¡Œé¢/turtle_chase_package/install/turtle_chase_package/share/ament_index/resource_index/parent_prefix_path/turtle_chase_package
[17.211s] -- Up-to-date symlink: /home/tiger/æ¡Œé¢/turtle_chase_package/install/turtle_chase_package/share/turtle_chase_package/environment/ament_prefix_path.sh
[17.212s] -- Up-to-date symlink: /home/tiger/æ¡Œé¢/turtle_chase_package/install/turtle_chase_package/share/turtle_chase_package/environment/ament_prefix_path.dsv
[17.212s] -- Up-to-date symlink: /home/tiger/æ¡Œé¢/turtle_chase_package/install/turtle_chase_package/share/turtle_chase_package/environment/path.sh
[17.212s] -- Up-to-date symlink: /home/tiger/æ¡Œé¢/turtle_chase_package/install/turtle_chase_package/share/turtle_chase_package/environment/path.dsv
[17.213s] -- Up-to-date symlink: /home/tiger/æ¡Œé¢/turtle_chase_package/install/turtle_chase_package/share/turtle_chase_package/local_setup.bash
[17.213s] -- Up-to-date symlink: /home/tiger/æ¡Œé¢/turtle_chase_package/install/turtle_chase_package/share/turtle_chase_package/local_setup.sh
[17.221s] -- Up-to-date symlink: /home/tiger/æ¡Œé¢/turtle_chase_package/install/turtle_chase_package/share/turtle_chase_package/local_setup.zsh
[17.222s] -- Up-to-date symlink: /home/tiger/æ¡Œé¢/turtle_chase_package/install/turtle_chase_package/share/turtle_chase_package/local_setup.dsv
[17.222s] -- Symlinking: /home/tiger/æ¡Œé¢/turtle_chase_package/install/turtle_chase_package/share/turtle_chase_package/package.dsv
[17.238s] -- Up-to-date symlink: /home/tiger/æ¡Œé¢/turtle_chase_package/install/turtle_chase_package/share/ament_index/resource_index/packages/turtle_chase_package
[17.240s] -- Up-to-date symlink: /home/tiger/æ¡Œé¢/turtle_chase_package/install/turtle_chase_package/share/turtle_chase_package/cmake/turtle_chase_packageConfig.cmake
[17.243s] -- Up-to-date symlink: /home/tiger/æ¡Œé¢/turtle_chase_package/install/turtle_chase_package/share/turtle_chase_package/cmake/turtle_chase_packageConfig-version.cmake
[17.243s] -- Up-to-date symlink: /home/tiger/æ¡Œé¢/turtle_chase_package/install/turtle_chase_package/share/turtle_chase_package/package.xml
[17.255s] Invoked command in '/home/tiger/æ¡Œé¢/turtle_chase_package/build/turtle_chase_package' returned '0': CMAKE_PREFIX_PATH=${CMAKE_PREFIX_PATH}:/opt/ros/humble /usr/bin/cmake --install /home/tiger/æ¡Œé¢/turtle_chase_package/build/turtle_chase_package
