[0.037s] Invoking command in '/home/tiger/æ¡Œé¢/turtle_chase_package/build/turtle_chase_package': CMAKE_PREFIX_PATH=/opt/ros/humble /usr/bin/cmake --build /home/tiger/æ¡Œé¢/turtle_chase_package/build/turtle_chase_package -- -j1 -l1
[0.120s] [35m[1mConsolidate compiler generated dependencies of target turtle_chase[0m
[0.172s] [ 50%] [32mBuilding CXX object CMakeFiles/turtle_chase.dir/src/turtle_chase.cpp.o[0m
[16.575s] [100%] [32m[1mLinking CXX executable turtle_chase[0m
[17.445s] [100%] Built target turtle_chase
[17.463s] Invoked command in '/home/tiger/æ¡Œé¢/turtle_chase_package/build/turtle_chase_package' returned '0': CMAKE_PREFIX_PATH=/opt/ros/humble /usr/bin/cmake --build /home/tiger/æ¡Œé¢/turtle_chase_package/build/turtle_chase_package -- -j1 -l1
[17.549s] Invoking command in '/home/tiger/æ¡Œé¢/turtle_chase_package/build/turtle_chase_package': CMAKE_PREFIX_PATH=/opt/ros/humble /usr/bin/cmake --install /home/tiger/æ¡Œé¢/turtle_chase_package/build/turtle_chase_package
[17.567s] -- Install configuration: ""
[17.568s] -- Execute custom install script
[17.570s] -- Up-to-date symlink: /home/tiger/æ¡Œé¢/turtle_chase_package/install/turtle_chase_package/lib/turtle_chase_package/turtle_chase
[17.571s] -- Up-to-date symlink: /home/tiger/æ¡Œé¢/turtle_chase_package/install/turtle_chase_package/share/ament_index/resource_index/package_run_dependencies/turtle_chase_package
[17.571s] -- Up-to-date symlink: /home/tiger/æ¡Œé¢/turtle_chase_package/install/turtle_chase_package/share/ament_index/resource_index/parent_prefix_path/turtle_chase_package
[17.572s] -- Up-to-date symlink: /home/tiger/æ¡Œé¢/turtle_chase_package/install/turtle_chase_package/share/turtle_chase_package/environment/ament_prefix_path.sh
[17.580s] -- Up-to-date symlink: /home/tiger/æ¡Œé¢/turtle_chase_package/install/turtle_chase_package/share/turtle_chase_package/environment/ament_prefix_path.dsv
[17.580s] -- Up-to-date symlink: /home/tiger/æ¡Œé¢/turtle_chase_package/install/turtle_chase_package/share/turtle_chase_package/environment/path.sh
[17.582s] -- Up-to-date symlink: /home/tiger/æ¡Œé¢/turtle_chase_package/install/turtle_chase_package/share/turtle_chase_package/environment/path.dsv
[17.582s] -- Up-to-date symlink: /home/tiger/æ¡Œé¢/turtle_chase_package/install/turtle_chase_package/share/turtle_chase_package/local_setup.bash
[17.582s] -- Up-to-date symlink: /home/tiger/æ¡Œé¢/turtle_chase_package/install/turtle_chase_package/share/turtle_chase_package/local_setup.sh
[17.582s] -- Up-to-date symlink: /home/tiger/æ¡Œé¢/turtle_chase_package/install/turtle_chase_package/share/turtle_chase_package/local_setup.zsh
[17.583s] -- Up-to-date symlink: /home/tiger/æ¡Œé¢/turtle_chase_package/install/turtle_chase_package/share/turtle_chase_package/local_setup.dsv
[17.588s] -- Symlinking: /home/tiger/æ¡Œé¢/turtle_chase_package/install/turtle_chase_package/share/turtle_chase_package/package.dsv
[17.613s] -- Up-to-date symlink: /home/tiger/æ¡Œé¢/turtle_chase_package/install/turtle_chase_package/share/ament_index/resource_index/packages/turtle_chase_package
[17.613s] -- Up-to-date symlink: /home/tiger/æ¡Œé¢/turtle_chase_package/install/turtle_chase_package/share/turtle_chase_package/cmake/turtle_chase_packageConfig.cmake
[17.613s] -- Up-to-date symlink: /home/tiger/æ¡Œé¢/turtle_chase_package/install/turtle_chase_package/share/turtle_chase_package/cmake/turtle_chase_packageConfig-version.cmake
[17.613s] -- Up-to-date symlink: /home/tiger/æ¡Œé¢/turtle_chase_package/install/turtle_chase_package/share/turtle_chase_package/package.xml
[17.617s] Invoked command in '/home/tiger/æ¡Œé¢/turtle_chase_package/build/turtle_chase_package' returned '0': CMAKE_PREFIX_PATH=/opt/ros/humble /usr/bin/cmake --install /home/tiger/æ¡Œé¢/turtle_chase_package/build/turtle_chase_package
