[0.024s] Invoking command in '/home/tiger/æ¡Œé¢/turtle_chase_package/build/turtle_chase_package': CMAKE_PREFIX_PATH=/opt/ros/humble /usr/bin/cmake --build /home/tiger/æ¡Œé¢/turtle_chase_package/build/turtle_chase_package -- -j1 -l1
[0.091s] [35m[1mConsolidate compiler generated dependencies of target turtle_chase[0m
[0.137s] [ 50%] [32mBuilding CXX object CMakeFiles/turtle_chase.dir/src/turtle_chase.cpp.o[0m
[12.658s] [100%] [32m[1mLinking CXX executable turtle_chase[0m
[13.338s] [100%] Built target turtle_chase
[13.376s] Invoked command in '/home/tiger/æ¡Œé¢/turtle_chase_package/build/turtle_chase_package' returned '0': CMAKE_PREFIX_PATH=/opt/ros/humble /usr/bin/cmake --build /home/tiger/æ¡Œé¢/turtle_chase_package/build/turtle_chase_package -- -j1 -l1
[13.460s] Invoking command in '/home/tiger/æ¡Œé¢/turtle_chase_package/build/turtle_chase_package': CMAKE_PREFIX_PATH=/opt/ros/humble /usr/bin/cmake --install /home/tiger/æ¡Œé¢/turtle_chase_package/build/turtle_chase_package
[13.466s] -- Install configuration: ""
[13.467s] -- Execute custom install script
[13.490s] -- Up-to-date symlink: /home/tiger/æ¡Œé¢/turtle_chase_package/install/turtle_chase_package/lib/turtle_chase_package/turtle_chase
[13.490s] -- Up-to-date symlink: /home/tiger/æ¡Œé¢/turtle_chase_package/install/turtle_chase_package/share/ament_index/resource_index/package_run_dependencies/turtle_chase_package
[13.490s] -- Up-to-date symlink: /home/tiger/æ¡Œé¢/turtle_chase_package/install/turtle_chase_package/share/ament_index/resource_index/parent_prefix_path/turtle_chase_package
[13.490s] -- Up-to-date symlink: /home/tiger/æ¡Œé¢/turtle_chase_package/install/turtle_chase_package/share/turtle_chase_package/environment/ament_prefix_path.sh
[13.490s] -- Up-to-date symlink: /home/tiger/æ¡Œé¢/turtle_chase_package/install/turtle_chase_package/share/turtle_chase_package/environment/ament_prefix_path.dsv
[13.490s] -- Up-to-date symlink: /home/tiger/æ¡Œé¢/turtle_chase_package/install/turtle_chase_package/share/turtle_chase_package/environment/path.sh
[13.490s] -- Up-to-date symlink: /home/tiger/æ¡Œé¢/turtle_chase_package/install/turtle_chase_package/share/turtle_chase_package/environment/path.dsv
[13.490s] -- Up-to-date symlink: /home/tiger/æ¡Œé¢/turtle_chase_package/install/turtle_chase_package/share/turtle_chase_package/local_setup.bash
[13.490s] -- Up-to-date symlink: /home/tiger/æ¡Œé¢/turtle_chase_package/install/turtle_chase_package/share/turtle_chase_package/local_setup.sh
[13.490s] -- Up-to-date symlink: /home/tiger/æ¡Œé¢/turtle_chase_package/install/turtle_chase_package/share/turtle_chase_package/local_setup.zsh
[13.490s] -- Up-to-date symlink: /home/tiger/æ¡Œé¢/turtle_chase_package/install/turtle_chase_package/share/turtle_chase_package/local_setup.dsv
[13.490s] -- Symlinking: /home/tiger/æ¡Œé¢/turtle_chase_package/install/turtle_chase_package/share/turtle_chase_package/package.dsv
[13.491s] -- Up-to-date symlink: /home/tiger/æ¡Œé¢/turtle_chase_package/install/turtle_chase_package/share/ament_index/resource_index/packages/turtle_chase_package
[13.491s] -- Up-to-date symlink: /home/tiger/æ¡Œé¢/turtle_chase_package/install/turtle_chase_package/share/turtle_chase_package/cmake/turtle_chase_packageConfig.cmake
[13.491s] -- Up-to-date symlink: /home/tiger/æ¡Œé¢/turtle_chase_package/install/turtle_chase_package/share/turtle_chase_package/cmake/turtle_chase_packageConfig-version.cmake
[13.491s] -- Up-to-date symlink: /home/tiger/æ¡Œé¢/turtle_chase_package/install/turtle_chase_package/share/turtle_chase_package/package.xml
[13.496s] Invoked command in '/home/tiger/æ¡Œé¢/turtle_chase_package/build/turtle_chase_package' returned '0': CMAKE_PREFIX_PATH=/opt/ros/humble /usr/bin/cmake --install /home/tiger/æ¡Œé¢/turtle_chase_package/build/turtle_chase_package
